<?xml version="1.0" encoding="UTF-8"?>
<!-- Generated by org.testng.reporters.JUnitXMLReporter -->
<testsuite hostname="IFOCUSODC-PC47" name="Test" tests="15" failures="4" timestamp="30 Apr 2018 12:03:23 GMT" time="402.028" errors="0">
  <testcase name="config" time="1.836" classname="API_VootKids.Config"/>
  <testcase name="Get_ChildProfiles" time="4.811" classname="API_VootKids.GetProfile"/>
  <testcase name="reset_Password" time="7.939" classname="API_VootKids.ResetPassword"/>
  <testcase name="CreatePin1" time="58.333" classname="API_VootKids.CreatePin"/>
  <testcase name="home" time="4.741" classname="API_VootKids.Home">
    <failure type="java.lang.AssertionError" message="The following asserts failed:
	expected object to not be null,
	expected object to not be null,
	expected object to not be null,
	expected object to not be null,
	expected object to not be null,
	expected object to not be null,
	expected object to not be null,
	expected [uId parameter is required] but found [Invalid Uid],
	expected [profileId parameter is required] but found [Invalid Profile Id],
	expected [ks parameter is required] but found [Invalid Ks value]">
      <![CDATA[java.lang.AssertionError: The following asserts failed:
	expected object to not be null,
	expected object to not be null,
	expected object to not be null,
	expected object to not be null,
	expected object to not be null,
	expected object to not be null,
	expected object to not be null,
	expected [uId parameter is required] but found [Invalid Uid],
	expected [profileId parameter is required] but found [Invalid Profile Id],
	expected [ks parameter is required] but found [Invalid Ks value]
	at API_VootKids.Home.home(Home.java:199)
... Removed 25 stack frames]]>
    </failure>
  </testcase> <!-- home -->
  <testcase name="reset_Pin" time="7.607" classname="API_VootKids.ResetPin"/>
  <testcase name="Create_Profiles" time="206.342" classname="API_VootKids.CreateProfile">
    <failure type="java.lang.AssertionError" message="The following asserts failed:
	expected [The profile.name may only contain letters.] but found [OK],
	expected [Client error: `POST https://rest-sgs1.ott.kaltura.com/restful_v4_4/api_v3/service/householddevice/action/add` resulted in a `404 Not Found` response:
&amp;lt;!DOCTYPE html PUBLIC &amp;quot;-//W3C//DTD XHTML 1.0 Strict//EN&amp;quot; &amp;quot;http://www.w3.org/TR/xhtml1/DTD/xhtml1-strict.dtd&amp;quot;&amp;gt;
&amp;lt;html xml (truncated...)
] but found [UserDoesNotExist],
	expected [Client error: `POST https://rest-sgs1.ott.kaltura.com/restful_v4_4/api_v3/service/householddevice/action/add` resulted in a `404 Not Found` response:
&amp;lt;!DOCTYPE html PUBLIC &amp;quot;-//W3C//DTD XHTML 1.0 Strict//EN&amp;quot; &amp;quot;http://www.w3.org/TR/xhtml1/DTD/xhtml1-strict.dtd&amp;quot;&amp;gt;
&amp;lt;html xml (truncated...)
] but found [UserDoesNotExist]">
      <![CDATA[java.lang.AssertionError: The following asserts failed:
	expected [The profile.name may only contain letters.] but found [OK],
	expected [Client error: `POST https://rest-sgs1.ott.kaltura.com/restful_v4_4/api_v3/service/householddevice/action/add` resulted in a `404 Not Found` response:
<!DOCTYPE html PUBLIC "-//W3C//DTD XHTML 1.0 Strict//EN" "http://www.w3.org/TR/xhtml1/DTD/xhtml1-strict.dtd">
<html xml (truncated...)
] but found [UserDoesNotExist],
	expected [Client error: `POST https://rest-sgs1.ott.kaltura.com/restful_v4_4/api_v3/service/householddevice/action/add` resulted in a `404 Not Found` response:
<!DOCTYPE html PUBLIC "-//W3C//DTD XHTML 1.0 Strict//EN" "http://www.w3.org/TR/xhtml1/DTD/xhtml1-strict.dtd">
<html xml (truncated...)
] but found [UserDoesNotExist]
	at API_VootKids.CreateProfile.Create_Profiles(CreateProfile.java:300)
... Removed 25 stack frames]]>
    </failure>
  </testcase> <!-- Create_Profiles -->
  <testcase name="Login_Kids" time="19.081" classname="API_VootKids.Login"/>
  <testcase name="SignUp_Kids" time="26.136" classname="API_VootKids.SignUp"/>
  <testcase name="Forgot_Password" time="4.134" classname="API_VootKids.ForgotPassword"/>
  <testcase name="Social_Login" time="16.234" classname="API_VootKids.SocialLogin"/>
  <testcase name="Forgot_Pin" time="5.408" classname="API_VootKids.ForgotPin"/>
  <testcase name="Swith_Profile" time="19.394" classname="API_VootKids.SwitchProfile">
    <failure type="java.lang.AssertionError" message="The following asserts failed:
	expected [This unique record Id is invalid, please enter a valid unique record ID.] but found [Invalid ChildProfileId],
	expected [This unique record Id is invalid, please enter a valid unique record ID.] but found [Invalid ChildProfileId]">
      <![CDATA[java.lang.AssertionError: The following asserts failed:
	expected [This unique record Id is invalid, please enter a valid unique record ID.] but found [Invalid ChildProfileId],
	expected [This unique record Id is invalid, please enter a valid unique record ID.] but found [Invalid ChildProfileId]
	at API_VootKids.SwitchProfile.Swith_Profile(SwitchProfile.java:169)
... Removed 25 stack frames]]>
    </failure>
  </testcase> <!-- Swith_Profile -->
  <testcase name="tabs" time="0.392" classname="API_VootKids.Tabs"/>
  <testcase name="SignUp_Kids" time="19.608" classname="API_VootKids.UpdateProfile">
    <failure type="java.lang.AssertionError" message="The following asserts failed:
	expected [Unable to retrieve updated profile.] but found [This Account ID is invalid, please use valid account ID.],
	expected [Unable to retrieve updated profile.] but found [This Account ID is invalid, please use valid account ID.],
	expected [Unable to retrieve updated profile.] but found [This unique record Id is invalid, please enter a valid unique record ID.],
	expected [Unable to retrieve updated profile.] but found [This unique record Id is invalid, please enter a valid unique record ID.],
	expected [The profile.name may only contain letters.] but found [OK]">
      <![CDATA[java.lang.AssertionError: The following asserts failed:
	expected [Unable to retrieve updated profile.] but found [This Account ID is invalid, please use valid account ID.],
	expected [Unable to retrieve updated profile.] but found [This Account ID is invalid, please use valid account ID.],
	expected [Unable to retrieve updated profile.] but found [This unique record Id is invalid, please enter a valid unique record ID.],
	expected [Unable to retrieve updated profile.] but found [This unique record Id is invalid, please enter a valid unique record ID.],
	expected [The profile.name may only contain letters.] but found [OK]
	at API_VootKids.UpdateProfile.SignUp_Kids(UpdateProfile.java:252)
... Removed 25 stack frames]]>
    </failure>
  </testcase> <!-- SignUp_Kids -->
</testsuite> <!-- Test -->
