<?xml version="1.0" encoding="UTF-8"?>
<testng-results total="1" passed="1" failed="0" skipped="0">
  <reporter-output>
  </reporter-output>
  <suite started-at="2018-05-21T10:53:04Z" name="Default suite" finished-at="2018-05-21T10:53:25Z" duration-ms="20767">
    <groups>
    </groups>
    <test started-at="2018-05-21T10:53:04Z" name="Default test" finished-at="2018-05-21T10:53:25Z" duration-ms="20767">
      <class name="API_VootKids_Sprint1.UpdateProfile">
        <test-method signature="update_Kids()[pri:0, instance:API_VootKids_Sprint1.UpdateProfile@44a7bfbc]" started-at="2018-05-21T16:23:04Z" name="update_Kids" finished-at="2018-05-21T16:23:25Z" duration-ms="20752" status="PASS">
          <reporter-output>
          </reporter-output>
        </test-method> <!-- update_Kids -->
      </class> <!-- API_VootKids_Sprint1.UpdateProfile -->
    </test> <!-- Default test -->
  </suite> <!-- Default suite -->
</testng-results>
